# JRE version: Java(TM) SE Runtime Environment (8.0_251-b08) (build 1.8.0_251-b08)
# Java VM: Java HotSpot(TM) 64-Bit Server VM (25.251-b08 mixed mode windows-amd64 compressed oops)
Heap:
 PSYoungGen      total 131072K, used 94862K [0x00000000d6500000, 0x00000000ded80000, 0x0000000100000000)
  eden space 124416K, 73% used [0x00000000d6500000,0x00000000dbe05988,0x00000000dde80000)
  from space 6656K, 55% used [0x00000000de700000,0x00000000dea9e1e8,0x00000000ded80000)
  to   space 7680K, 0% used [0x00000000dde80000,0x00000000dde80000,0x00000000de600000)
 ParOldGen       total 43008K, used 5701K [0x0000000082e00000, 0x0000000085800000, 0x00000000d6500000)
  object space 43008K, 13% used [0x0000000082e00000,0x0000000083391600,0x0000000085800000)
 Metaspace       used 28986K, capacity 30772K, committed 30976K, reserved 1075200K
  class space    used 3882K, capacity 4251K, committed 4352K, reserved 1048576K
GC Heap History (10 events):
Event: 7.827 GC heap before
{Heap before GC invocations=5 (full 0):
 PSYoungGen      total 37888K, used 37884K [0x00000000d6500000, 0x00000000daf00000, 0x0000000100000000)
  eden space 32768K, 100% used [0x00000000d6500000,0x00000000d8500000,0x00000000d8500000)
  from space 5120K, 99% used [0x00000000daa00000,0x00000000daeff1a0,0x00000000daf00000)
  to   space 5120K, 0% used [0x00000000d8500000,0x00000000d8500000,0x00000000d8a00000)
 ParOldGen       total 86016K, used 1497K [0x0000000082e00000, 0x0000000088200000, 0x00000000d6500000)
  object space 86016K, 1% used [0x0000000082e00000,0x0000000082f765e0,0x0000000088200000)
 Metaspace       used 19621K, capacity 21084K, committed 21296K, reserved 1067008K
  class space    used 2578K, capacity 2878K, committed 2944K, reserved 1048576K
Event: 7.834 GC heap after
Heap after GC invocations=5 (full 0):
 PSYoungGen      total 37888K, used 5109K [0x00000000d6500000, 0x00000000db400000, 0x0000000100000000)
  eden space 32768K, 0% used [0x00000000d6500000,0x00000000d6500000,0x00000000d8500000)
  from space 5120K, 99% used [0x00000000d8500000,0x00000000d89fd4b8,0x00000000d8a00000)
  to   space 7680K, 0% used [0x00000000dac80000,0x00000000dac80000,0x00000000db400000)
 ParOldGen       total 86016K, used 3441K [0x0000000082e00000, 0x0000000088200000, 0x00000000d6500000)
  object space 86016K, 4% used [0x0000000082e00000,0x000000008315c648,0x0000000088200000)
 Metaspace       used 19621K, capacity 21084K, committed 21296K, reserved 1067008K
  class space    used 2578K, capacity 2878K, committed 2944K, reserved 1048576K
}
Event: 7.851 GC heap before
{Heap before GC invocations=6 (full 0):
 PSYoungGen      total 37888K, used 7582K [0x00000000d6500000, 0x00000000db400000, 0x0000000100000000)
  eden space 32768K, 7% used [0x00000000d6500000,0x00000000d676a400,0x00000000d8500000)
  from space 5120K, 99% used [0x00000000d8500000,0x00000000d89fd4b8,0x00000000d8a00000)
  to   space 7680K, 0% used [0x00000000dac80000,0x00000000dac80000,0x00000000db400000)
 ParOldGen       total 86016K, used 3441K [0x0000000082e00000, 0x0000000088200000, 0x00000000d6500000)
  object space 86016K, 4% used [0x0000000082e00000,0x000000008315c648,0x0000000088200000)
 Metaspace       used 19740K, capacity 21208K, committed 21296K, reserved 1067008K
  class space    used 2606K, capacity 2918K, committed 2944K, reserved 1048576K
Event: 7.857 GC heap after
Heap after GC invocations=6 (full 0):
 PSYoungGen      total 73216K, used 5335K [0x00000000d6500000, 0x00000000db400000, 0x0000000100000000)
  eden space 65536K, 0% used [0x00000000d6500000,0x00000000d6500000,0x00000000da500000)
  from space 7680K, 69% used [0x00000000dac80000,0x00000000db1b5ec8,0x00000000db400000)
  to   space 7680K, 0% used [0x00000000da500000,0x00000000da500000,0x00000000dac80000)
 ParOldGen       total 86016K, used 3449K [0x0000000082e00000, 0x0000000088200000, 0x00000000d6500000)
  object space 86016K, 4% used [0x0000000082e00000,0x000000008315e648,0x0000000088200000)
 Metaspace       used 19740K, capacity 21208K, committed 21296K, reserved 1067008K
  class space    used 2606K, capacity 2918K, committed 2944K, reserved 1048576K
}
Event: 7.857 GC heap before
{Heap before GC invocations=7 (full 1):
 PSYoungGen      total 73216K, used 5335K [0x00000000d6500000, 0x00000000db400000, 0x0000000100000000)
  eden space 65536K, 0% used [0x00000000d6500000,0x00000000d6500000,0x00000000da500000)
  from space 7680K, 69% used [0x00000000dac80000,0x00000000db1b5ec8,0x00000000db400000)
  to   space 7680K, 0% used [0x00000000da500000,0x00000000da500000,0x00000000dac80000)
 ParOldGen       total 86016K, used 3449K [0x0000000082e00000, 0x0000000088200000, 0x00000000d6500000)
  object space 86016K, 4% used [0x0000000082e00000,0x000000008315e648,0x0000000088200000)
 Metaspace       used 19740K, capacity 21208K, committed 21296K, reserved 1067008K
  class space    used 2606K, capacity 2918K, committed 2944K, reserved 1048576K
Event: 7.900 GC heap after
Heap after GC invocations=7 (full 1):
 PSYoungGen      total 73216K, used 0K [0x00000000d6500000, 0x00000000db400000, 0x0000000100000000)
  eden space 65536K, 0% used [0x00000000d6500000,0x00000000d6500000,0x00000000da500000)
  from space 7680K, 0% used [0x00000000dac80000,0x00000000dac80000,0x00000000db400000)
  to   space 7680K, 0% used [0x00000000da500000,0x00000000da500000,0x00000000dac80000)
 ParOldGen       total 43008K, used 5685K [0x0000000082e00000, 0x0000000085800000, 0x00000000d6500000)
  object space 43008K, 13% used [0x0000000082e00000,0x000000008338d588,0x0000000085800000)
 Metaspace       used 19740K, capacity 21208K, committed 21296K, reserved 1067008K
  class space    used 2606K, capacity 2918K, committed 2944K, reserved 1048576K
}
Event: 8.278 GC heap before
{Heap before GC invocations=8 (full 1):
 PSYoungGen      total 73216K, used 65536K [0x00000000d6500000, 0x00000000db400000, 0x0000000100000000)
  eden space 65536K, 100% used [0x00000000d6500000,0x00000000da500000,0x00000000da500000)
  from space 7680K, 0% used [0x00000000dac80000,0x00000000dac80000,0x00000000db400000)
  to   space 7680K, 0% used [0x00000000da500000,0x00000000da500000,0x00000000dac80000)
 ParOldGen       total 43008K, used 5685K [0x0000000082e00000, 0x0000000085800000, 0x00000000d6500000)
  object space 43008K, 13% used [0x0000000082e00000,0x000000008338d588,0x0000000085800000)
 Metaspace       used 22380K, capacity 23940K, committed 24192K, reserved 1071104K
  class space    used 3082K, capacity 3409K, committed 3456K, reserved 1048576K
Event: 8.283 GC heap after
Heap after GC invocations=8 (full 1):
 PSYoungGen      total 73216K, used 3671K [0x00000000d6500000, 0x00000000dee80000, 0x0000000100000000)
  eden space 65536K, 0% used [0x00000000d6500000,0x00000000d6500000,0x00000000da500000)
  from space 7680K, 47% used [0x00000000da500000,0x00000000da895cb8,0x00000000dac80000)
  to   space 7680K, 0% used [0x00000000de700000,0x00000000de700000,0x00000000dee80000)
 ParOldGen       total 43008K, used 5693K [0x0000000082e00000, 0x0000000085800000, 0x00000000d6500000)
  object space 43008K, 13% used [0x0000000082e00000,0x000000008338f588,0x0000000085800000)
 Metaspace       used 22380K, capacity 23940K, committed 24192K, reserved 1071104K
  class space    used 3082K, capacity 3409K, committed 3456K, reserved 1048576K
}
Event: 8.462 GC heap before
{Heap before GC invocations=9 (full 1):
 PSYoungGen      total 73216K, used 69207K [0x00000000d6500000, 0x00000000dee80000, 0x0000000100000000)
  eden space 65536K, 100% used [0x00000000d6500000,0x00000000da500000,0x00000000da500000)
  from space 7680K, 47% used [0x00000000da500000,0x00000000da895cb8,0x00000000dac80000)
  to   space 7680K, 0% used [0x00000000de700000,0x00000000de700000,0x00000000dee80000)
 ParOldGen       total 43008K, used 5701K [0x0000000082e00000, 0x0000000085800000, 0x00000000d6500000)
  object space 43008K, 13% used [0x0000000082e00000,0x0000000083391600,0x0000000085800000)
 Metaspace       used 23865K, capacity 25440K, committed 25600K, reserved 1071104K
  class space    used 3258K, capacity 3581K, committed 3584K, reserved 1048576K
Event: 8.466 GC heap after
Heap after GC invocations=9 (full 1):
 PSYoungGen      total 131072K, used 3704K [0x00000000d6500000, 0x00000000ded80000, 0x0000000100000000)
  eden space 124416K, 0% used [0x00000000d6500000,0x00000000d6500000,0x00000000dde80000)
  from space 6656K, 55% used [0x00000000de700000,0x00000000dea9e1e8,0x00000000ded80000)
  to   space 7680K, 0% used [0x00000000dde80000,0x00000000dde80000,0x00000000de600000)
 ParOldGen       total 43008K, used 5701K [0x0000000082e00000, 0x0000000085800000, 0x00000000d6500000)
  object space 43008K, 13% used [0x0000000082e00000,0x0000000083391600,0x0000000085800000)
 Metaspace       used 23865K, capacity 25440K, committed 25600K, reserved 1071104K
  class space    used 3258K, capacity 3581K, committed 3584K, reserved 1048576K
}

