# JRE version: Java(TM) SE Runtime Environment (8.0_251-b08) (build 1.8.0_251-b08)
# Java VM: Java HotSpot(TM) 64-Bit Server VM (25.251-b08 mixed mode windows-amd64 compressed oops)
Heap:
 PSYoungGen      total 262144K, used 252537K [0x00000000d6500000, 0x00000000e7f80000, 0x0000000100000000)
  eden space 244224K, 96% used [0x00000000d6500000,0x00000000e4a23078,0x00000000e5380000)
  from space 17920K, 99% used [0x00000000e5a00000,0x00000000e6b7b640,0x00000000e6b80000)
  to   space 20480K, 0% used [0x00000000e6b80000,0x00000000e6b80000,0x00000000e7f80000)
 ParOldGen       total 74752K, used 32585K [0x0000000082e00000, 0x0000000087700000, 0x00000000d6500000)
  object space 74752K, 43% used [0x0000000082e00000,0x0000000084dd2480,0x0000000087700000)
 Metaspace       used 29659K, capacity 30628K, committed 30848K, reserved 1077248K
  class space    used 3324K, capacity 3585K, committed 3712K, reserved 1048576K
GC Heap History (10 events):
Event: 8.623 GC heap before
{Heap before GC invocations=6 (full 0):
 PSYoungGen      total 70656K, used 70624K [0x00000000d6500000, 0x00000000dfe00000, 0x0000000100000000)
  eden space 65536K, 100% used [0x00000000d6500000,0x00000000da500000,0x00000000da500000)
  from space 5120K, 99% used [0x00000000da500000,0x00000000da9f8020,0x00000000daa00000)
  to   space 12800K, 0% used [0x00000000df180000,0x00000000df180000,0x00000000dfe00000)
 ParOldGen       total 86016K, used 15939K [0x0000000082e00000, 0x0000000088200000, 0x00000000d6500000)
  object space 86016K, 18% used [0x0000000082e00000,0x0000000083d90e90,0x0000000088200000)
 Metaspace       used 18181K, capacity 18662K, committed 18944K, reserved 1067008K
  class space    used 2067K, capacity 2233K, committed 2304K, reserved 1048576K
Event: 8.646 GC heap after
Heap after GC invocations=6 (full 0):
 PSYoungGen      total 143360K, used 10103K [0x00000000d6500000, 0x00000000dff00000, 0x0000000100000000)
  eden space 130560K, 0% used [0x00000000d6500000,0x00000000d6500000,0x00000000de480000)
  from space 12800K, 78% used [0x00000000df180000,0x00000000dfb5ddb0,0x00000000dfe00000)
  to   space 13312K, 0% used [0x00000000de480000,0x00000000de480000,0x00000000df180000)
 ParOldGen       total 86016K, used 15947K [0x0000000082e00000, 0x0000000088200000, 0x00000000d6500000)
  object space 86016K, 18% used [0x0000000082e00000,0x0000000083d92e90,0x0000000088200000)
 Metaspace       used 18181K, capacity 18662K, committed 18944K, reserved 1067008K
  class space    used 2067K, capacity 2233K, committed 2304K, reserved 1048576K
}
Event: 8.996 GC heap before
{Heap before GC invocations=7 (full 0):
 PSYoungGen      total 143360K, used 20846K [0x00000000d6500000, 0x00000000dff00000, 0x0000000100000000)
  eden space 130560K, 8% used [0x00000000d6500000,0x00000000d6f7dcf8,0x00000000de480000)
  from space 12800K, 78% used [0x00000000df180000,0x00000000dfb5ddb0,0x00000000dfe00000)
  to   space 13312K, 0% used [0x00000000de480000,0x00000000de480000,0x00000000df180000)
 ParOldGen       total 86016K, used 15947K [0x0000000082e00000, 0x0000000088200000, 0x00000000d6500000)
  object space 86016K, 18% used [0x0000000082e00000,0x0000000083d92e90,0x0000000088200000)
 Metaspace       used 20613K, capacity 21082K, committed 21296K, reserved 1069056K
  class space    used 2435K, capacity 2593K, committed 2688K, reserved 1048576K
Event: 9.016 GC heap after
Heap after GC invocations=7 (full 0):
 PSYoungGen      total 143872K, used 7303K [0x00000000d6500000, 0x00000000e7d00000, 0x0000000100000000)
  eden space 130560K, 0% used [0x00000000d6500000,0x00000000d6500000,0x00000000de480000)
  from space 13312K, 54% used [0x00000000de480000,0x00000000deba1ec0,0x00000000df180000)
  to   space 12800K, 0% used [0x00000000e7080000,0x00000000e7080000,0x00000000e7d00000)
 ParOldGen       total 86016K, used 17950K [0x0000000082e00000, 0x0000000088200000, 0x00000000d6500000)
  object space 86016K, 20% used [0x0000000082e00000,0x0000000083f87bf0,0x0000000088200000)
 Metaspace       used 20613K, capacity 21082K, committed 21296K, reserved 1069056K
  class space    used 2435K, capacity 2593K, committed 2688K, reserved 1048576K
}
Event: 9.016 GC heap before
{Heap before GC invocations=8 (full 1):
 PSYoungGen      total 143872K, used 7303K [0x00000000d6500000, 0x00000000e7d00000, 0x0000000100000000)
  eden space 130560K, 0% used [0x00000000d6500000,0x00000000d6500000,0x00000000de480000)
  from space 13312K, 54% used [0x00000000de480000,0x00000000deba1ec0,0x00000000df180000)
  to   space 12800K, 0% used [0x00000000e7080000,0x00000000e7080000,0x00000000e7d00000)
 ParOldGen       total 86016K, used 17950K [0x0000000082e00000, 0x0000000088200000, 0x00000000d6500000)
  object space 86016K, 20% used [0x0000000082e00000,0x0000000083f87bf0,0x0000000088200000)
 Metaspace       used 20613K, capacity 21082K, committed 21296K, reserved 1069056K
  class space    used 2435K, capacity 2593K, committed 2688K, reserved 1048576K
Event: 9.198 GC heap after
Heap after GC invocations=8 (full 1):
 PSYoungGen      total 143872K, used 0K [0x00000000d6500000, 0x00000000e7d00000, 0x0000000100000000)
  eden space 130560K, 0% used [0x00000000d6500000,0x00000000d6500000,0x00000000de480000)
  from space 13312K, 0% used [0x00000000de480000,0x00000000de480000,0x00000000df180000)
  to   space 12800K, 0% used [0x00000000e7080000,0x00000000e7080000,0x00000000e7d00000)
 ParOldGen       total 74752K, used 18897K [0x0000000082e00000, 0x0000000087700000, 0x00000000d6500000)
  object space 74752K, 25% used [0x0000000082e00000,0x00000000840744b0,0x0000000087700000)
 Metaspace       used 20613K, capacity 21082K, committed 21296K, reserved 1069056K
  class space    used 2435K, capacity 2593K, committed 2688K, reserved 1048576K
}
Event: 14.107 GC heap before
{Heap before GC invocations=9 (full 1):
 PSYoungGen      total 143872K, used 130560K [0x00000000d6500000, 0x00000000e7d00000, 0x0000000100000000)
  eden space 130560K, 100% used [0x00000000d6500000,0x00000000de480000,0x00000000de480000)
  from space 13312K, 0% used [0x00000000de480000,0x00000000de480000,0x00000000df180000)
  to   space 12800K, 0% used [0x00000000e7080000,0x00000000e7080000,0x00000000e7d00000)
 ParOldGen       total 74752K, used 18897K [0x0000000082e00000, 0x0000000087700000, 0x00000000d6500000)
  object space 74752K, 25% used [0x0000000082e00000,0x00000000840744b0,0x0000000087700000)
 Metaspace       used 23507K, capacity 24094K, committed 24192K, reserved 1071104K
  class space    used 2727K, capacity 2893K, committed 2944K, reserved 1048576K
Event: 14.151 GC heap after
Heap after GC invocations=9 (full 1):
 PSYoungGen      total 205824K, used 12781K [0x00000000d6500000, 0x00000000e7d00000, 0x0000000100000000)
  eden space 193024K, 0% used [0x00000000d6500000,0x00000000d6500000,0x00000000e2180000)
  from space 12800K, 99% used [0x00000000e7080000,0x00000000e7cfb490,0x00000000e7d00000)
  to   space 17920K, 0% used [0x00000000e5a00000,0x00000000e5a00000,0x00000000e6b80000)
 ParOldGen       total 74752K, used 27525K [0x0000000082e00000, 0x0000000087700000, 0x00000000d6500000)
  object space 74752K, 36% used [0x0000000082e00000,0x00000000848e1688,0x0000000087700000)
 Metaspace       used 23507K, capacity 24094K, committed 24192K, reserved 1071104K
  class space    used 2727K, capacity 2893K, committed 2944K, reserved 1048576K
}
Event: 17.801 GC heap before
{Heap before GC invocations=10 (full 1):
 PSYoungGen      total 205824K, used 205805K [0x00000000d6500000, 0x00000000e7d00000, 0x0000000100000000)
  eden space 193024K, 100% used [0x00000000d6500000,0x00000000e2180000,0x00000000e2180000)
  from space 12800K, 99% used [0x00000000e7080000,0x00000000e7cfb490,0x00000000e7d00000)
  to   space 17920K, 0% used [0x00000000e5a00000,0x00000000e5a00000,0x00000000e6b80000)
 ParOldGen       total 74752K, used 27525K [0x0000000082e00000, 0x0000000087700000, 0x00000000d6500000)
  object space 74752K, 36% used [0x0000000082e00000,0x00000000848e1688,0x0000000087700000)
 Metaspace       used 25480K, capacity 26208K, committed 26496K, reserved 1073152K
  class space    used 2886K, capacity 3119K, committed 3200K, reserved 1048576K
Event: 17.829 GC heap after
Heap after GC invocations=10 (full 1):
 PSYoungGen      total 262144K, used 17901K [0x00000000d6500000, 0x00000000e7f80000, 0x0000000100000000)
  eden space 244224K, 0% used [0x00000000d6500000,0x00000000d6500000,0x00000000e5380000)
  from space 17920K, 99% used [0x00000000e5a00000,0x00000000e6b7b640,0x00000000e6b80000)
  to   space 20480K, 0% used [0x00000000e6b80000,0x00000000e6b80000,0x00000000e7f80000)
 ParOldGen       total 74752K, used 32585K [0x0000000082e00000, 0x0000000087700000, 0x00000000d6500000)
  object space 74752K, 43% used [0x0000000082e00000,0x0000000084dd2480,0x0000000087700000)
 Metaspace       used 25480K, capacity 26208K, committed 26496K, reserved 1073152K
  class space    used 2886K, capacity 3119K, committed 3200K, reserved 1048576K
}

